<?xml version="1.0" encoding="UTF-8"?>
<!-- Generated by org.testng.reporters.JUnitXMLReporter -->
<testsuite hostname="rs-MAC13.local" ignored="0" name="Login test" tests="2" failures="1" timestamp="25 Apr 2018 07:20:19 GMT" time="33.29" errors="0">
  <testcase name="testRegistraionWithValidData" time="16.884" classname="com.companyname.projectname.testscripts.TC002_testRegistraion">
    <failure type="java.lang.AssertionError" message="Registration test is fail expected [true] but found [false]">
      <![CDATA[java.lang.AssertionError: Registration test is fail expected [true] but found [false]
at com.companyname.projectname.testscripts.TC002_testRegistraion.testRegistraionWithValidData(TC002_testRegistraion.java:48)
... Removed 28 stack frames]]>
    </failure>
  </testcase> <!-- testRegistraionWithValidData -->
  <testcase name="testRegistraionWithInvalidData" time="5.544" classname="com.companyname.projectname.testscripts.TC002_testRegistraion"/>
</testsuite> <!-- Login test -->
